{"C:\\Users\\motte\\OneDrive\\Desktop\\УБАЧЕ\\5 семестр\\Мобильные приложения\\15 puzzle\\utils\\gameLogic.ts": {"path":"C:\\Users\\motte\\OneDrive\\Desktop\\УБАЧЕ\\5 семестр\\Мобильные приложения\\15 puzzle\\utils\\gameLogic.ts","statementMap":{"0":{"start":{"line":4,"column":34},"end":{"line":6,"column":1}},"1":{"start":{"line":5,"column":2},"end":{"line":5,"column":60}},"2":{"start":{"line":5,"column":43},"end":{"line":5,"column":48}},"3":{"start":{"line":4,"column":13},"end":{"line":4,"column":34}},"4":{"start":{"line":9,"column":31},"end":{"line":17,"column":1}},"5":{"start":{"line":10,"column":22},"end":{"line":10,"column":47}},"6":{"start":{"line":11,"column":2},"end":{"line":15,"column":3}},"7":{"start":{"line":12,"column":22},"end":{"line":12,"column":38}},"8":{"start":{"line":13,"column":4},"end":{"line":13,"column":64}},"9":{"start":{"line":14,"column":4},"end":{"line":14,"column":21}},"10":{"start":{"line":16,"column":2},"end":{"line":16,"column":21}},"11":{"start":{"line":9,"column":13},"end":{"line":9,"column":31}},"12":{"start":{"line":20,"column":26},"end":{"line":36,"column":1}},"13":{"start":{"line":21,"column":19},"end":{"line":21,"column":20}},"14":{"start":{"line":22,"column":20},"end":{"line":22,"column":52}},"15":{"start":{"line":22,"column":41},"end":{"line":22,"column":51}},"16":{"start":{"line":24,"column":2},"end":{"line":28,"column":3}},"17":{"start":{"line":24,"column":15},"end":{"line":24,"column":16}},"18":{"start":{"line":25,"column":4},"end":{"line":27,"column":5}},"19":{"start":{"line":25,"column":17},"end":{"line":25,"column":22}},"20":{"start":{"line":26,"column":6},"end":{"line":26,"column":52}},"21":{"start":{"line":26,"column":39},"end":{"line":26,"column":52}},"22":{"start":{"line":30,"column":2},"end":{"line":35,"column":3}},"23":{"start":{"line":31,"column":4},"end":{"line":31,"column":32}},"24":{"start":{"line":33,"column":31},"end":{"line":33,"column":73}},"25":{"start":{"line":34,"column":4},"end":{"line":34,"column":55}},"26":{"start":{"line":20,"column":13},"end":{"line":20,"column":26}},"27":{"start":{"line":39,"column":28},"end":{"line":76,"column":1}},"28":{"start":{"line":41,"column":17},"end":{"line":41,"column":18}},"29":{"start":{"line":42,"column":22},"end":{"line":42,"column":25}},"30":{"start":{"line":44,"column":2},"end":{"line":73,"column":49}},"31":{"start":{"line":45,"column":4},"end":{"line":45,"column":33}},"32":{"start":{"line":46,"column":4},"end":{"line":49,"column":5}},"33":{"start":{"line":46,"column":17},"end":{"line":46,"column":36}},"34":{"start":{"line":47,"column":16},"end":{"line":47,"column":51}},"35":{"start":{"line":48,"column":6},"end":{"line":48,"column":62}},"36":{"start":{"line":50,"column":4},"end":{"line":50,"column":15}},"37":{"start":{"line":52,"column":4},"end":{"line":72,"column":5}},"38":{"start":{"line":53,"column":24},"end":{"line":53,"column":41}},"39":{"start":{"line":54,"column":25},"end":{"line":54,"column":45}},"40":{"start":{"line":55,"column":28},"end":{"line":55,"column":30}},"41":{"start":{"line":57,"column":23},"end":{"line":57,"column":52}},"42":{"start":{"line":58,"column":23},"end":{"line":58,"column":43}},"43":{"start":{"line":60,"column":6},"end":{"line":60,"column":65}},"44":{"start":{"line":60,"column":24},"end":{"line":60,"column":65}},"45":{"start":{"line":61,"column":6},"end":{"line":61,"column":72}},"46":{"start":{"line":61,"column":31},"end":{"line":61,"column":72}},"47":{"start":{"line":62,"column":6},"end":{"line":62,"column":59}},"48":{"start":{"line":62,"column":24},"end":{"line":62,"column":59}},"49":{"start":{"line":63,"column":6},"end":{"line":63,"column":69}},"50":{"start":{"line":63,"column":34},"end":{"line":63,"column":69}},"51":{"start":{"line":65,"column":25},"end":{"line":65,"column":39}},"52":{"start":{"line":66,"column":6},"end":{"line":70,"column":7}},"53":{"start":{"line":66,"column":19},"end":{"line":66,"column":20}},"54":{"start":{"line":67,"column":26},"end":{"line":67,"column":89}},"55":{"start":{"line":68,"column":25},"end":{"line":68,"column":48}},"56":{"start":{"line":69,"column":8},"end":{"line":69,"column":110}},"57":{"start":{"line":71,"column":6},"end":{"line":71,"column":26}},"58":{"start":{"line":75,"column":2},"end":{"line":75,"column":18}},"59":{"start":{"line":39,"column":13},"end":{"line":39,"column":28}},"60":{"start":{"line":79,"column":24},"end":{"line":86,"column":1}},"61":{"start":{"line":80,"column":2},"end":{"line":85,"column":5}},"62":{"start":{"line":81,"column":4},"end":{"line":83,"column":5}},"63":{"start":{"line":82,"column":6},"end":{"line":82,"column":24}},"64":{"start":{"line":84,"column":4},"end":{"line":84,"column":30}},"65":{"start":{"line":79,"column":13},"end":{"line":79,"column":24}}},"fnMap":{"0":{"name":"(anonymous_0)","decl":{"start":{"line":4,"column":34},"end":{"line":4,"column":35}},"loc":{"start":{"line":4,"column":62},"end":{"line":6,"column":1}}},"1":{"name":"(anonymous_1)","decl":{"start":{"line":5,"column":38},"end":{"line":5,"column":39}},"loc":{"start":{"line":5,"column":43},"end":{"line":5,"column":48}}},"2":{"name":"(anonymous_2)","decl":{"start":{"line":9,"column":31},"end":{"line":9,"column":32}},"loc":{"start":{"line":9,"column":59},"end":{"line":17,"column":1}}},"3":{"name":"(anonymous_3)","decl":{"start":{"line":20,"column":26},"end":{"line":20,"column":27}},"loc":{"start":{"line":20,"column":86},"end":{"line":36,"column":1}}},"4":{"name":"(anonymous_4)","decl":{"start":{"line":22,"column":33},"end":{"line":22,"column":37}},"loc":{"start":{"line":22,"column":41},"end":{"line":22,"column":51}}},"5":{"name":"(anonymous_5)","decl":{"start":{"line":39,"column":28},"end":{"line":39,"column":29}},"loc":{"start":{"line":39,"column":96},"end":{"line":76,"column":1}}},"6":{"name":"(anonymous_6)","decl":{"start":{"line":79,"column":24},"end":{"line":79,"column":25}},"loc":{"start":{"line":79,"column":60},"end":{"line":86,"column":1}}},"7":{"name":"(anonymous_7)","decl":{"start":{"line":80,"column":28},"end":{"line":80,"column":29}},"loc":{"start":{"line":80,"column":44},"end":{"line":85,"column":3}}}},"branchMap":{"0":{"loc":{"start":{"line":11,"column":2},"end":{"line":15,"column":3}},"type":"if","locations":[{"start":{"line":11,"column":2},"end":{"line":15,"column":3}}]},"1":{"loc":{"start":{"line":26,"column":6},"end":{"line":26,"column":52}},"type":"if","locations":[{"start":{"line":26,"column":6},"end":{"line":26,"column":52}}]},"2":{"loc":{"start":{"line":30,"column":2},"end":{"line":35,"column":3}},"type":"if","locations":[{"start":{"line":30,"column":2},"end":{"line":35,"column":3}},{"start":{"line":32,"column":9},"end":{"line":35,"column":3}}]},"3":{"loc":{"start":{"line":52,"column":4},"end":{"line":72,"column":5}},"type":"if","locations":[{"start":{"line":52,"column":4},"end":{"line":72,"column":5}}]},"4":{"loc":{"start":{"line":60,"column":6},"end":{"line":60,"column":65}},"type":"if","locations":[{"start":{"line":60,"column":6},"end":{"line":60,"column":65}}]},"5":{"loc":{"start":{"line":61,"column":6},"end":{"line":61,"column":72}},"type":"if","locations":[{"start":{"line":61,"column":6},"end":{"line":61,"column":72}}]},"6":{"loc":{"start":{"line":62,"column":6},"end":{"line":62,"column":59}},"type":"if","locations":[{"start":{"line":62,"column":6},"end":{"line":62,"column":59}}]},"7":{"loc":{"start":{"line":63,"column":6},"end":{"line":63,"column":69}},"type":"if","locations":[{"start":{"line":63,"column":6},"end":{"line":63,"column":69}}]},"8":{"loc":{"start":{"line":81,"column":4},"end":{"line":83,"column":5}},"type":"if","locations":[{"start":{"line":81,"column":4},"end":{"line":83,"column":5}}]}},"s":{"0":1,"1":6,"2":78,"3":1,"4":1,"5":1,"6":1,"7":1,"8":1,"9":1,"10":0,"11":1,"12":1,"13":5,"14":5,"15":59,"16":5,"17":5,"18":54,"19":54,"20":294,"21":103,"22":5,"23":3,"24":2,"25":2,"26":1,"27":1,"28":2,"29":2,"30":2,"31":2,"32":2,"33":2,"34":23,"35":23,"36":2,"37":2,"38":0,"39":0,"40":0,"41":0,"42":0,"43":0,"44":0,"45":0,"46":0,"47":0,"48":0,"49":0,"50":0,"51":0,"52":0,"53":0,"54":0,"55":0,"56":0,"57":0,"58":2,"59":1,"60":1,"61":3,"62":25,"63":2,"64":23,"65":1},"f":{"0":6,"1":78,"2":1,"3":5,"4":59,"5":2,"6":3,"7":25},"b":{"0":[1],"1":[103],"2":[3,2],"3":[0],"4":[0],"5":[0],"6":[0],"7":[0],"8":[2]}}
}
