TN:
SF:utils\gameLogic.ts
FN:4,(anonymous_0)
FN:5,(anonymous_1)
FN:9,(anonymous_2)
FN:20,(anonymous_3)
FN:22,(anonymous_4)
FN:39,(anonymous_5)
FN:79,(anonymous_6)
FN:80,(anonymous_7)
FNF:8
FNH:8
FNDA:6,(anonymous_0)
FNDA:78,(anonymous_1)
FNDA:1,(anonymous_2)
FNDA:5,(anonymous_3)
FNDA:59,(anonymous_4)
FNDA:2,(anonymous_5)
FNDA:3,(anonymous_6)
FNDA:25,(anonymous_7)
DA:4,1
DA:5,78
DA:9,1
DA:10,1
DA:11,1
DA:12,1
DA:13,1
DA:14,1
DA:16,0
DA:20,1
DA:21,5
DA:22,59
DA:24,5
DA:25,54
DA:26,294
DA:30,5
DA:31,3
DA:33,2
DA:34,2
DA:39,1
DA:41,2
DA:42,2
DA:44,2
DA:45,2
DA:46,2
DA:47,23
DA:48,23
DA:50,2
DA:52,2
DA:53,0
DA:54,0
DA:55,0
DA:57,0
DA:58,0
DA:60,0
DA:61,0
DA:62,0
DA:63,0
DA:65,0
DA:66,0
DA:67,0
DA:68,0
DA:69,0
DA:71,0
DA:75,2
DA:79,1
DA:80,3
DA:81,25
DA:82,2
DA:84,23
LF:50
LH:34
BRDA:11,0,0,1
BRDA:26,1,0,103
BRDA:30,2,0,3
BRDA:30,2,1,2
BRDA:52,3,0,0
BRDA:60,4,0,0
BRDA:61,5,0,0
BRDA:62,6,0,0
BRDA:63,7,0,0
BRDA:81,8,0,2
BRF:10
BRH:5
end_of_record
